Picked up JAVA_TOOL_OPTIONS: -Dstdout.encoding=UTF-8 -Dstderr.encoding=UTF-8
[INFO] Error stacktraces are turned on.
[INFO] Scanning for projects...
[INFO] 
[INFO] ---------------------------< com.nwu:csvts >----------------------------
[INFO] Building csvts 1.0.0
[INFO]   from pom.xml
[INFO] --------------------------------[ jar ]---------------------------------
[INFO] 
[INFO] >>> spring-boot:3.5.6:run (default-cli) > test-compile @ csvts >>>
[INFO] 
[INFO] --- resources:3.3.1:resources (default-resources) @ csvts ---
[INFO] Copying 1 resource from src\main\resources to target\classes
[INFO] Copying 26 resources from src\main\resources to target\classes
[INFO] 
[INFO] --- compiler:3.13.0:compile (default-compile) @ csvts ---
[INFO] Nothing to compile - all classes are up to date.
[INFO] 
[INFO] --- resources:3.3.1:testResources (default-testResources) @ csvts ---
[INFO] skip non existing resourceDirectory C:\Users\tanak\Desktop\Schoolwork\Year 2\CMPG 224\Group_6_Project\csvts\src\test\resources
[INFO] 
[INFO] --- compiler:3.13.0:testCompile (default-testCompile) @ csvts ---
[INFO] Nothing to compile - all classes are up to date.
[INFO] 
[INFO] <<< spring-boot:3.5.6:run (default-cli) < test-compile @ csvts <<<
[INFO] 
[INFO] 
[INFO] --- spring-boot:3.5.6:run (default-cli) @ csvts ---
[INFO] Attaching agents: []
Picked up JAVA_TOOL_OPTIONS: -Dstdout.encoding=UTF-8 -Dstderr.encoding=UTF-8

  .   ____          _            __ _ _
 /\\ / ___'_ __ _ _(_)_ __  __ _ \ \ \ \
( ( )\___ | '_ | '_| | '_ \/ _` | \ \ \ \
 \\/  ___)| |_)| | | | | || (_| |  ) ) ) )
  '  |____| .__|_| |_|_| |_\__, | / / / /
 =========|_|==============|___/=/_/_/_/

 :: Spring Boot ::                (v3.5.6)

2025-10-10T15:41:35.114+02:00  INFO 16756 --- [           main] com.nwu.csvts.CsvtsApplication           : Starting CsvtsApplication using Java 21.0.8 with PID 16756 (C:\Users\tanak\Desktop\Schoolwork\Year 2\CMPG 224\Group_6_Project\csvts\target\classes started by tanak in C:\Users\tanak\Desktop\Schoolwork\Year 2\CMPG 224\Group_6_Project\csvts)
2025-10-10T15:41:35.117+02:00 DEBUG 16756 --- [           main] com.nwu.csvts.CsvtsApplication           : Running with Spring Boot v3.5.6, Spring v6.2.11
2025-10-10T15:41:35.119+02:00  INFO 16756 --- [           main] com.nwu.csvts.CsvtsApplication           : No active profile set, falling back to 1 default profile: "default"
2025-10-10T15:41:58.793+02:00  INFO 16756 --- [           main] .s.d.r.c.RepositoryConfigurationDelegate : Bootstrapping Spring Data JPA repositories in DEFAULT mode.
2025-10-10T15:41:59.106+02:00  INFO 16756 --- [           main] .s.d.r.c.RepositoryConfigurationDelegate : Finished Spring Data repository scanning in 282 ms. Found 6 JPA repository interfaces.
2025-10-10T15:42:08.347+02:00  INFO 16756 --- [           main] o.s.b.w.embedded.tomcat.TomcatWebServer  : Tomcat initialized with port 8080 (http)
2025-10-10T15:42:08.506+02:00  INFO 16756 --- [           main] o.apache.catalina.core.StandardService   : Starting service [Tomcat]
2025-10-10T15:42:08.508+02:00  INFO 16756 --- [           main] o.apache.catalina.core.StandardEngine    : Starting Servlet engine: [Apache Tomcat/10.1.46]
2025-10-10T15:42:11.269+02:00  INFO 16756 --- [           main] o.a.c.c.C.[Tomcat].[localhost].[/]       : Initializing Spring embedded WebApplicationContext
2025-10-10T15:42:11.351+02:00  INFO 16756 --- [           main] w.s.c.ServletWebServerApplicationContext : Root WebApplicationContext: initialization completed in 35725 ms
2025-10-10T15:42:22.476+02:00  INFO 16756 --- [           main] o.hibernate.jpa.internal.util.LogHelper  : HHH000204: Processing PersistenceUnitInfo [name: default]
2025-10-10T15:42:23.219+02:00  INFO 16756 --- [           main] org.hibernate.Version                    : HHH000412: Hibernate ORM core version 6.6.29.Final
2025-10-10T15:42:23.467+02:00  INFO 16756 --- [           main] o.h.c.internal.RegionFactoryInitiator    : HHH000026: Second-level cache disabled
2025-10-10T15:42:28.246+02:00  INFO 16756 --- [           main] o.s.o.j.p.SpringPersistenceUnitInfo      : No LoadTimeWeaver setup: ignoring JPA class transformer
2025-10-10T15:42:28.402+02:00  INFO 16756 --- [           main] com.zaxxer.hikari.HikariDataSource       : HikariPool-1 - Starting...
2025-10-10T15:42:31.604+02:00  INFO 16756 --- [           main] com.zaxxer.hikari.pool.HikariPool        : HikariPool-1 - Added connection org.postgresql.jdbc.PgConnection@7e8f23ad
2025-10-10T15:42:31.609+02:00  INFO 16756 --- [           main] com.zaxxer.hikari.HikariDataSource       : HikariPool-1 - Start completed.
2025-10-10T15:42:32.945+02:00  WARN 16756 --- [           main] org.hibernate.orm.deprecation            : HHH90000025: PostgreSQLDialect does not need to be specified explicitly using 'hibernate.dialect' (remove the property setting and it will be selected by default)
2025-10-10T15:42:33.058+02:00  INFO 16756 --- [           main] org.hibernate.orm.connections.pooling    : HHH10001005: Database info:
	Database JDBC URL [Connecting through datasource 'HikariDataSource (HikariPool-1)']
	Database driver: undefined/unknown
	Database version: 17.6
	Autocommit mode: undefined/unknown
	Isolation level: undefined/unknown
	Minimum pool size: undefined/unknown
	Maximum pool size: undefined/unknown
2025-10-10T15:42:49.554+02:00  INFO 16756 --- [           main] o.h.e.t.j.p.i.JtaPlatformInitiator       : HHH000489: No JTA platform available (set 'hibernate.transaction.jta.platform' to enable JTA platform integration)
2025-10-10T15:42:52.766+02:00  INFO 16756 --- [           main] j.LocalContainerEntityManagerFactoryBean : Initialized JPA EntityManagerFactory for persistence unit 'default'
2025-10-10T15:42:54.823+02:00  INFO 16756 --- [           main] o.s.d.j.r.query.QueryEnhancerFactory     : Hibernate is in classpath; If applicable, HQL parser will be used.
2025-10-10T15:43:03.920+02:00  WARN 16756 --- [           main] JpaBaseConfiguration$JpaWebConfiguration : spring.jpa.open-in-view is enabled by default. Therefore, database queries may be performed during view rendering. Explicitly configure spring.jpa.open-in-view to disable this warning
2025-10-10T15:43:05.704+02:00  INFO 16756 --- [           main] r$InitializeUserDetailsManagerConfigurer : Global AuthenticationManager configured with UserDetailsService bean with name customUserDetailsService
2025-10-10T15:43:09.043+02:00  INFO 16756 --- [           main] o.s.b.w.embedded.tomcat.TomcatWebServer  : Tomcat started on port 8080 (http) with context path '/'
2025-10-10T15:43:09.188+02:00  INFO 16756 --- [           main] com.nwu.csvts.CsvtsApplication           : Started CsvtsApplication in 104.62 seconds (process running for 109.804)
2025-10-10T15:43:10.018+02:00 DEBUG 16756 --- [           main] org.hibernate.SQL                        : 
    select
        u1_0.user_id,
        u1_0.active,
        u1_0.created_at,
        u1_0.password_hash,
        u1_0.role,
        u1_0.username 
    from
        users u1_0 
    where
        u1_0.username=?
Hibernate: 
    select
        u1_0.user_id,
        u1_0.active,
        u1_0.created_at,
        u1_0.password_hash,
        u1_0.role,
        u1_0.username 
    from
        users u1_0 
    where
        u1_0.username=?
2025-10-10T15:43:10.153+02:00 DEBUG 16756 --- [           main] org.hibernate.SQL                        : 
    select
        v1_0.volunteer_id,
        v1_0.availability,
        v1_0.email,
        v1_0.first_name,
        v1_0.last_name,
        v1_0.phone,
        v1_0.skills,
        u1_0.user_id,
        u1_0.active,
        u1_0.created_at,
        u1_0.password_hash,
        u1_0.role,
        u1_0.username 
    from
        volunteers v1_0 
    left join
        users u1_0 
            on u1_0.user_id=v1_0.user_id 
    where
        v1_0.user_id=?
Hibernate: 
    select
        v1_0.volunteer_id,
        v1_0.availability,
        v1_0.email,
        v1_0.first_name,
        v1_0.last_name,
        v1_0.phone,
        v1_0.skills,
        u1_0.user_id,
        u1_0.active,
        u1_0.created_at,
        u1_0.password_hash,
        u1_0.role,
        u1_0.username 
    from
        volunteers v1_0 
    left join
        users u1_0 
            on u1_0.user_id=v1_0.user_id 
    where
        v1_0.user_id=?
ℹ️ Admin user already exists
